\BOOKMARK [1][-]{section.1}{Motivation}{}% 1
\BOOKMARK [1][-]{section.2}{Grundlagen Hard- und Software}{}% 2
\BOOKMARK [2][-]{subsection.2.1}{Hardware}{section.2}% 3
\BOOKMARK [3][-]{subsubsection.2.1.1}{Raspberry Pi}{subsection.2.1}% 4
\BOOKMARK [3][-]{subsubsection.2.1.2}{Raspberry Pi Shield - Display LCD-Touch, 3,2in}{subsection.2.1}% 5
\BOOKMARK [2][-]{subsection.2.2}{Software}{section.2}% 6
\BOOKMARK [3][-]{subsubsection.2.2.1}{balenaEtcher}{subsection.2.2}% 7
\BOOKMARK [3][-]{subsubsection.2.2.2}{Hostapd}{subsection.2.2}% 8
\BOOKMARK [3][-]{subsubsection.2.2.3}{dnsmasq}{subsection.2.2}% 9
\BOOKMARK [3][-]{subsubsection.2.2.4}{netfilter-persistent und iptables-persistent}{subsection.2.2}% 10
\BOOKMARK [3][-]{subsubsection.2.2.5}{Bash}{subsection.2.2}% 11
\BOOKMARK [3][-]{subsubsection.2.2.6}{Cron}{subsection.2.2}% 12
\BOOKMARK [3][-]{subsubsection.2.2.7}{fim}{subsection.2.2}% 13
\BOOKMARK [3][-]{subsubsection.2.2.8}{Python 3.7}{subsection.2.2}% 14
\BOOKMARK [3][-]{subsubsection.2.2.9}{pyqrcode}{subsection.2.2}% 15
\BOOKMARK [3][-]{subsubsection.2.2.10}{GPIO zero}{subsection.2.2}% 16
\BOOKMARK [1][-]{section.3}{Problemstellung}{}% 17
\BOOKMARK [1][-]{section.4}{Anforderungsanalyse}{}% 18
\BOOKMARK [2][-]{subsection.4.1}{Funktionale Anforderungen}{section.4}% 19
\BOOKMARK [3][-]{subsubsection.4.1.1}{Funktionaler Accesss Point}{subsection.4.1}% 20
\BOOKMARK [3][-]{subsubsection.4.1.2}{Zugriff ins Netzwerk}{subsection.4.1}% 21
\BOOKMARK [3][-]{subsubsection.4.1.3}{Sicheres Passwort}{subsection.4.1}% 22
\BOOKMARK [3][-]{subsubsection.4.1.4}{Automatisches Wechseln des Passworts}{subsection.4.1}% 23
\BOOKMARK [3][-]{subsubsection.4.1.5}{Ausgabe des Passworts}{subsection.4.1}% 24
\BOOKMARK [2][-]{subsection.4.2}{Optionale Anforderungen}{section.4}% 25
\BOOKMARK [3][-]{subsubsection.4.2.1}{Manueller Wechsels des Passworts}{subsection.4.2}% 26
\BOOKMARK [3][-]{subsubsection.4.2.2}{Energiespar-Konfiguration}{subsection.4.2}% 27
\BOOKMARK [3][-]{subsubsection.4.2.3}{Automatisierungs-Skript}{subsection.4.2}% 28
\BOOKMARK [2][-]{subsection.4.3}{Priorisierung}{section.4}% 29
\BOOKMARK [1][-]{section.5}{L\366sungsidee}{}% 30
\BOOKMARK [2][-]{subsection.5.1}{Hardware}{section.5}% 31
\BOOKMARK [2][-]{subsection.5.2}{Software}{section.5}% 32
\BOOKMARK [2][-]{subsection.5.3}{Passwortkonzept}{section.5}% 33
\BOOKMARK [2][-]{subsection.5.4}{Tests}{section.5}% 34
\BOOKMARK [1][-]{section.6}{Bewertung der L\366sung anhand der Anforderungen}{}% 35
\BOOKMARK [1][-]{section.7}{Implementierung}{}% 36
\BOOKMARK [2][-]{subsection.7.1}{Vorbereitung des Raspberry Pi}{section.7}% 37
\BOOKMARK [3][-]{subsubsection.7.1.1}{Auswahl und Installation des Betriebssystem}{subsection.7.1}% 38
\BOOKMARK [3][-]{subsubsection.7.1.2}{SSH Zugriff einrichten}{subsection.7.1}% 39
\BOOKMARK [3][-]{subsubsection.7.1.3}{Aktualisierung und Paketinstallation}{subsection.7.1}% 40
\BOOKMARK [2][-]{subsection.7.2}{Konfiguration des RaspberryPi als funktionalen Access Point}{section.7}% 41
\BOOKMARK [3][-]{subsubsection.7.2.1}{WLAN Interface}{subsection.7.2}% 42
\BOOKMARK [3][-]{subsubsection.7.2.2}{Routing}{subsection.7.2}% 43
\BOOKMARK [3][-]{subsubsection.7.2.3}{DNS und DHCP}{subsection.7.2}% 44
\BOOKMARK [3][-]{subsubsection.7.2.4}{Access Point Einstellungen}{subsection.7.2}% 45
\BOOKMARK [2][-]{subsection.7.3}{Passwortskript}{section.7}% 46
\BOOKMARK [3][-]{subsubsection.7.3.1}{Passwortgenerierung}{subsection.7.3}% 47
\BOOKMARK [3][-]{subsubsection.7.3.2}{Austauschen des Passworts}{subsection.7.3}% 48
\BOOKMARK [3][-]{subsubsection.7.3.3}{Erstellen des QR-Code}{subsection.7.3}% 49
\BOOKMARK [3][-]{subsubsection.7.3.4}{Zeitbasiertes Ausf\374hren}{subsection.7.3}% 50
\BOOKMARK [2][-]{subsection.7.4}{Einrichten des Displays}{section.7}% 51
\BOOKMARK [2][-]{subsection.7.5}{Ausgabe des Passworts}{section.7}% 52
\BOOKMARK [3][-]{subsubsection.7.5.1}{Tastenbelegung}{subsection.7.5}% 53
\BOOKMARK [3][-]{subsubsection.7.5.2}{Anzeigen des QR-Codes}{subsection.7.5}% 54
\BOOKMARK [1][-]{section.8}{Fazit und Ausblick}{}% 55
\BOOKMARK [2][-]{subsection.8.1}{Fazit}{section.8}% 56
\BOOKMARK [2][-]{subsection.8.2}{Ausblick}{section.8}% 57
\BOOKMARK [1][-]{section.9}{Abbildungsverzeichnis}{}% 58
\BOOKMARK [1][-]{section.10}{Quellenverzeichnis}{}% 59
